Start testing: Sep 01 18:34 BRT
----------------------------------------------------------
33/298 Testing: e2_avaliacao_certa_01
33/298 Test: e2_avaliacao_certa_01
Command: "/usr/bin/perl" "-I" "./tests/scripts" "./tests/scripts/tesh" "/home/lgkern/repos/MyLittleCompiler/tests/e2//avaliacao_certa_01.tesh"
Directory: /home/lgkern/repos/MyLittleCompiler/build
"e2_avaliacao_certa_01" start time: Sep 01 18:34 BRT
Output:
----------------------------------------------------------
Test suite `/home/lgkern/repos/MyLittleCompiler/tests/e2//avaliacao_certa_01'
[/home/lgkern/repos/MyLittleCompiler/tests/e2//avaliacao_certa_01:2] ./main ./tests/e2/input/certa01.txt
Test suite `/home/lgkern/repos/MyLittleCompiler/tests/e2//avaliacao_certa_01' OK
<end of output>
Test time =   0.08 sec
----------------------------------------------------------
Test Passed.
"e2_avaliacao_certa_01" end time: Sep 01 18:34 BRT
"e2_avaliacao_certa_01" time elapsed: 00:00:00
----------------------------------------------------------

34/298 Testing: e2_avaliacao_certa_02
34/298 Test: e2_avaliacao_certa_02
Command: "/usr/bin/perl" "-I" "./tests/scripts" "./tests/scripts/tesh" "/home/lgkern/repos/MyLittleCompiler/tests/e2//avaliacao_certa_02.tesh"
Directory: /home/lgkern/repos/MyLittleCompiler/build
"e2_avaliacao_certa_02" start time: Sep 01 18:34 BRT
Output:
----------------------------------------------------------
Test suite `/home/lgkern/repos/MyLittleCompiler/tests/e2//avaliacao_certa_02'
[/home/lgkern/repos/MyLittleCompiler/tests/e2//avaliacao_certa_02:2] ./main ./tests/e2/input/certa02.txt
Test suite `/home/lgkern/repos/MyLittleCompiler/tests/e2//avaliacao_certa_02' OK
<end of output>
Test time =   0.08 sec
----------------------------------------------------------
Test Passed.
"e2_avaliacao_certa_02" end time: Sep 01 18:34 BRT
"e2_avaliacao_certa_02" time elapsed: 00:00:00
----------------------------------------------------------

35/298 Testing: e2_avaliacao_certa_03
35/298 Test: e2_avaliacao_certa_03
Command: "/usr/bin/perl" "-I" "./tests/scripts" "./tests/scripts/tesh" "/home/lgkern/repos/MyLittleCompiler/tests/e2//avaliacao_certa_03.tesh"
Directory: /home/lgkern/repos/MyLittleCompiler/build
"e2_avaliacao_certa_03" start time: Sep 01 18:34 BRT
Output:
----------------------------------------------------------
Test suite `/home/lgkern/repos/MyLittleCompiler/tests/e2//avaliacao_certa_03'
[/home/lgkern/repos/MyLittleCompiler/tests/e2//avaliacao_certa_03:2] ./main ./tests/e2/input/certa03.txt
Test suite `/home/lgkern/repos/MyLittleCompiler/tests/e2//avaliacao_certa_03' OK
<end of output>
Test time =   0.08 sec
----------------------------------------------------------
Test Passed.
"e2_avaliacao_certa_03" end time: Sep 01 18:34 BRT
"e2_avaliacao_certa_03" time elapsed: 00:00:00
----------------------------------------------------------

36/298 Testing: e2_avaliacao_certa_04
36/298 Test: e2_avaliacao_certa_04
Command: "/usr/bin/perl" "-I" "./tests/scripts" "./tests/scripts/tesh" "/home/lgkern/repos/MyLittleCompiler/tests/e2//avaliacao_certa_04.tesh"
Directory: /home/lgkern/repos/MyLittleCompiler/build
"e2_avaliacao_certa_04" start time: Sep 01 18:34 BRT
Output:
----------------------------------------------------------
Test suite `/home/lgkern/repos/MyLittleCompiler/tests/e2//avaliacao_certa_04'
[/home/lgkern/repos/MyLittleCompiler/tests/e2//avaliacao_certa_04:2] ./main ./tests/e2/input/certa04.txt
Test suite `/home/lgkern/repos/MyLittleCompiler/tests/e2//avaliacao_certa_04' OK
<end of output>
Test time =   0.08 sec
----------------------------------------------------------
Test Passed.
"e2_avaliacao_certa_04" end time: Sep 01 18:34 BRT
"e2_avaliacao_certa_04" time elapsed: 00:00:00
----------------------------------------------------------

37/298 Testing: e2_avaliacao_certa_05
37/298 Test: e2_avaliacao_certa_05
Command: "/usr/bin/perl" "-I" "./tests/scripts" "./tests/scripts/tesh" "/home/lgkern/repos/MyLittleCompiler/tests/e2//avaliacao_certa_05.tesh"
Directory: /home/lgkern/repos/MyLittleCompiler/build
"e2_avaliacao_certa_05" start time: Sep 01 18:34 BRT
Output:
----------------------------------------------------------
Test suite `/home/lgkern/repos/MyLittleCompiler/tests/e2//avaliacao_certa_05'
[/home/lgkern/repos/MyLittleCompiler/tests/e2//avaliacao_certa_05:2] ./main ./tests/e2/input/certa05.txt
Test suite `/home/lgkern/repos/MyLittleCompiler/tests/e2//avaliacao_certa_05' OK
<end of output>
Test time =   0.08 sec
----------------------------------------------------------
Test Passed.
"e2_avaliacao_certa_05" end time: Sep 01 18:34 BRT
"e2_avaliacao_certa_05" time elapsed: 00:00:00
----------------------------------------------------------

38/298 Testing: e2_avaliacao_certa_06
38/298 Test: e2_avaliacao_certa_06
Command: "/usr/bin/perl" "-I" "./tests/scripts" "./tests/scripts/tesh" "/home/lgkern/repos/MyLittleCompiler/tests/e2//avaliacao_certa_06.tesh"
Directory: /home/lgkern/repos/MyLittleCompiler/build
"e2_avaliacao_certa_06" start time: Sep 01 18:34 BRT
Output:
----------------------------------------------------------
Test suite `/home/lgkern/repos/MyLittleCompiler/tests/e2//avaliacao_certa_06'
[/home/lgkern/repos/MyLittleCompiler/tests/e2//avaliacao_certa_06:2] ./main ./tests/e2/input/certa06.txt
Test suite `/home/lgkern/repos/MyLittleCompiler/tests/e2//avaliacao_certa_06' OK
<end of output>
Test time =   0.08 sec
----------------------------------------------------------
Test Passed.
"e2_avaliacao_certa_06" end time: Sep 01 18:34 BRT
"e2_avaliacao_certa_06" time elapsed: 00:00:00
----------------------------------------------------------

39/298 Testing: e2_avaliacao_certa_07
39/298 Test: e2_avaliacao_certa_07
Command: "/usr/bin/perl" "-I" "./tests/scripts" "./tests/scripts/tesh" "/home/lgkern/repos/MyLittleCompiler/tests/e2//avaliacao_certa_07.tesh"
Directory: /home/lgkern/repos/MyLittleCompiler/build
"e2_avaliacao_certa_07" start time: Sep 01 18:34 BRT
Output:
----------------------------------------------------------
Test suite `/home/lgkern/repos/MyLittleCompiler/tests/e2//avaliacao_certa_07'
[/home/lgkern/repos/MyLittleCompiler/tests/e2//avaliacao_certa_07:2] ./main ./tests/e2/input/certa07.txt
Test suite `/home/lgkern/repos/MyLittleCompiler/tests/e2//avaliacao_certa_07' OK
<end of output>
Test time =   0.08 sec
----------------------------------------------------------
Test Passed.
"e2_avaliacao_certa_07" end time: Sep 01 18:34 BRT
"e2_avaliacao_certa_07" time elapsed: 00:00:00
----------------------------------------------------------

40/298 Testing: e2_avaliacao_certa_08
40/298 Test: e2_avaliacao_certa_08
Command: "/usr/bin/perl" "-I" "./tests/scripts" "./tests/scripts/tesh" "/home/lgkern/repos/MyLittleCompiler/tests/e2//avaliacao_certa_08.tesh"
Directory: /home/lgkern/repos/MyLittleCompiler/build
"e2_avaliacao_certa_08" start time: Sep 01 18:34 BRT
Output:
----------------------------------------------------------
Test suite `/home/lgkern/repos/MyLittleCompiler/tests/e2//avaliacao_certa_08'
[/home/lgkern/repos/MyLittleCompiler/tests/e2//avaliacao_certa_08:2] ./main ./tests/e2/input/certa08.txt
Test suite `/home/lgkern/repos/MyLittleCompiler/tests/e2//avaliacao_certa_08' OK
<end of output>
Test time =   0.08 sec
----------------------------------------------------------
Test Passed.
"e2_avaliacao_certa_08" end time: Sep 01 18:34 BRT
"e2_avaliacao_certa_08" time elapsed: 00:00:00
----------------------------------------------------------

41/298 Testing: e2_avaliacao_certa_09
41/298 Test: e2_avaliacao_certa_09
Command: "/usr/bin/perl" "-I" "./tests/scripts" "./tests/scripts/tesh" "/home/lgkern/repos/MyLittleCompiler/tests/e2//avaliacao_certa_09.tesh"
Directory: /home/lgkern/repos/MyLittleCompiler/build
"e2_avaliacao_certa_09" start time: Sep 01 18:34 BRT
Output:
----------------------------------------------------------
Test suite `/home/lgkern/repos/MyLittleCompiler/tests/e2//avaliacao_certa_09'
[/home/lgkern/repos/MyLittleCompiler/tests/e2//avaliacao_certa_09:2] ./main ./tests/e2/input/certa09.txt
Test suite `/home/lgkern/repos/MyLittleCompiler/tests/e2//avaliacao_certa_09' OK
<end of output>
Test time =   0.08 sec
----------------------------------------------------------
Test Passed.
"e2_avaliacao_certa_09" end time: Sep 01 18:34 BRT
"e2_avaliacao_certa_09" time elapsed: 00:00:00
----------------------------------------------------------

42/298 Testing: e2_avaliacao_certa_10
42/298 Test: e2_avaliacao_certa_10
Command: "/usr/bin/perl" "-I" "./tests/scripts" "./tests/scripts/tesh" "/home/lgkern/repos/MyLittleCompiler/tests/e2//avaliacao_certa_10.tesh"
Directory: /home/lgkern/repos/MyLittleCompiler/build
"e2_avaliacao_certa_10" start time: Sep 01 18:34 BRT
Output:
----------------------------------------------------------
Test suite `/home/lgkern/repos/MyLittleCompiler/tests/e2//avaliacao_certa_10'
[/home/lgkern/repos/MyLittleCompiler/tests/e2//avaliacao_certa_10:2] ./main ./tests/e2/input/certa10.txt
Test suite `/home/lgkern/repos/MyLittleCompiler/tests/e2//avaliacao_certa_10' OK
<end of output>
Test time =   0.08 sec
----------------------------------------------------------
Test Passed.
"e2_avaliacao_certa_10" end time: Sep 01 18:34 BRT
"e2_avaliacao_certa_10" time elapsed: 00:00:00
----------------------------------------------------------

43/298 Testing: e2_avaliacao_certa_11
43/298 Test: e2_avaliacao_certa_11
Command: "/usr/bin/perl" "-I" "./tests/scripts" "./tests/scripts/tesh" "/home/lgkern/repos/MyLittleCompiler/tests/e2//avaliacao_certa_11.tesh"
Directory: /home/lgkern/repos/MyLittleCompiler/build
"e2_avaliacao_certa_11" start time: Sep 01 18:34 BRT
Output:
----------------------------------------------------------
Test suite `/home/lgkern/repos/MyLittleCompiler/tests/e2//avaliacao_certa_11'
[/home/lgkern/repos/MyLittleCompiler/tests/e2//avaliacao_certa_11:2] ./main ./tests/e2/input/certa11.txt
Test suite `/home/lgkern/repos/MyLittleCompiler/tests/e2//avaliacao_certa_11' OK
<end of output>
Test time =   0.08 sec
----------------------------------------------------------
Test Passed.
"e2_avaliacao_certa_11" end time: Sep 01 18:34 BRT
"e2_avaliacao_certa_11" time elapsed: 00:00:00
----------------------------------------------------------

44/298 Testing: e2_avaliacao_certa_12
44/298 Test: e2_avaliacao_certa_12
Command: "/usr/bin/perl" "-I" "./tests/scripts" "./tests/scripts/tesh" "/home/lgkern/repos/MyLittleCompiler/tests/e2//avaliacao_certa_12.tesh"
Directory: /home/lgkern/repos/MyLittleCompiler/build
"e2_avaliacao_certa_12" start time: Sep 01 18:34 BRT
Output:
----------------------------------------------------------
Test suite `/home/lgkern/repos/MyLittleCompiler/tests/e2//avaliacao_certa_12'
[/home/lgkern/repos/MyLittleCompiler/tests/e2//avaliacao_certa_12:2] ./main ./tests/e2/input/certa12.txt
Test suite `/home/lgkern/repos/MyLittleCompiler/tests/e2//avaliacao_certa_12' OK
<end of output>
Test time =   0.08 sec
----------------------------------------------------------
Test Passed.
"e2_avaliacao_certa_12" end time: Sep 01 18:34 BRT
"e2_avaliacao_certa_12" time elapsed: 00:00:00
----------------------------------------------------------

45/298 Testing: e2_avaliacao_certa_13
45/298 Test: e2_avaliacao_certa_13
Command: "/usr/bin/perl" "-I" "./tests/scripts" "./tests/scripts/tesh" "/home/lgkern/repos/MyLittleCompiler/tests/e2//avaliacao_certa_13.tesh"
Directory: /home/lgkern/repos/MyLittleCompiler/build
"e2_avaliacao_certa_13" start time: Sep 01 18:34 BRT
Output:
----------------------------------------------------------
Test suite `/home/lgkern/repos/MyLittleCompiler/tests/e2//avaliacao_certa_13'
[/home/lgkern/repos/MyLittleCompiler/tests/e2//avaliacao_certa_13:2] ./main ./tests/e2/input/certa13.txt
Test suite `/home/lgkern/repos/MyLittleCompiler/tests/e2//avaliacao_certa_13' OK
<end of output>
Test time =   0.08 sec
----------------------------------------------------------
Test Passed.
"e2_avaliacao_certa_13" end time: Sep 01 18:34 BRT
"e2_avaliacao_certa_13" time elapsed: 00:00:00
----------------------------------------------------------

46/298 Testing: e2_avaliacao_certa_14
46/298 Test: e2_avaliacao_certa_14
Command: "/usr/bin/perl" "-I" "./tests/scripts" "./tests/scripts/tesh" "/home/lgkern/repos/MyLittleCompiler/tests/e2//avaliacao_certa_14.tesh"
Directory: /home/lgkern/repos/MyLittleCompiler/build
"e2_avaliacao_certa_14" start time: Sep 01 18:34 BRT
Output:
----------------------------------------------------------
Test suite `/home/lgkern/repos/MyLittleCompiler/tests/e2//avaliacao_certa_14'
[/home/lgkern/repos/MyLittleCompiler/tests/e2//avaliacao_certa_14:2] ./main ./tests/e2/input/certa14.txt
Test suite `/home/lgkern/repos/MyLittleCompiler/tests/e2//avaliacao_certa_14' OK
<end of output>
Test time =   0.08 sec
----------------------------------------------------------
Test Passed.
"e2_avaliacao_certa_14" end time: Sep 01 18:34 BRT
"e2_avaliacao_certa_14" time elapsed: 00:00:00
----------------------------------------------------------

47/298 Testing: e2_avaliacao_certa_15
47/298 Test: e2_avaliacao_certa_15
Command: "/usr/bin/perl" "-I" "./tests/scripts" "./tests/scripts/tesh" "/home/lgkern/repos/MyLittleCompiler/tests/e2//avaliacao_certa_15.tesh"
Directory: /home/lgkern/repos/MyLittleCompiler/build
"e2_avaliacao_certa_15" start time: Sep 01 18:34 BRT
Output:
----------------------------------------------------------
Test suite `/home/lgkern/repos/MyLittleCompiler/tests/e2//avaliacao_certa_15'
[/home/lgkern/repos/MyLittleCompiler/tests/e2//avaliacao_certa_15:2] ./main ./tests/e2/input/certa15.txt
Test suite `/home/lgkern/repos/MyLittleCompiler/tests/e2//avaliacao_certa_15' OK
<end of output>
Test time =   0.08 sec
----------------------------------------------------------
Test Passed.
"e2_avaliacao_certa_15" end time: Sep 01 18:34 BRT
"e2_avaliacao_certa_15" time elapsed: 00:00:00
----------------------------------------------------------

48/298 Testing: e2_avaliacao_certa_16
48/298 Test: e2_avaliacao_certa_16
Command: "/usr/bin/perl" "-I" "./tests/scripts" "./tests/scripts/tesh" "/home/lgkern/repos/MyLittleCompiler/tests/e2//avaliacao_certa_16.tesh"
Directory: /home/lgkern/repos/MyLittleCompiler/build
"e2_avaliacao_certa_16" start time: Sep 01 18:34 BRT
Output:
----------------------------------------------------------
Test suite `/home/lgkern/repos/MyLittleCompiler/tests/e2//avaliacao_certa_16'
[/home/lgkern/repos/MyLittleCompiler/tests/e2//avaliacao_certa_16:2] ./main ./tests/e2/input/certa16.txt
Test suite `/home/lgkern/repos/MyLittleCompiler/tests/e2//avaliacao_certa_16' OK
<end of output>
Test time =   0.08 sec
----------------------------------------------------------
Test Passed.
"e2_avaliacao_certa_16" end time: Sep 01 18:34 BRT
"e2_avaliacao_certa_16" time elapsed: 00:00:00
----------------------------------------------------------

49/298 Testing: e2_avaliacao_certa_17
49/298 Test: e2_avaliacao_certa_17
Command: "/usr/bin/perl" "-I" "./tests/scripts" "./tests/scripts/tesh" "/home/lgkern/repos/MyLittleCompiler/tests/e2//avaliacao_certa_17.tesh"
Directory: /home/lgkern/repos/MyLittleCompiler/build
"e2_avaliacao_certa_17" start time: Sep 01 18:34 BRT
Output:
----------------------------------------------------------
Test suite `/home/lgkern/repos/MyLittleCompiler/tests/e2//avaliacao_certa_17'
[/home/lgkern/repos/MyLittleCompiler/tests/e2//avaliacao_certa_17:2] ./main ./tests/e2/input/certa17.txt
Test suite `/home/lgkern/repos/MyLittleCompiler/tests/e2//avaliacao_certa_17' OK
<end of output>
Test time =   0.08 sec
----------------------------------------------------------
Test Passed.
"e2_avaliacao_certa_17" end time: Sep 01 18:34 BRT
"e2_avaliacao_certa_17" time elapsed: 00:00:00
----------------------------------------------------------

50/298 Testing: e2_avaliacao_certa_18
50/298 Test: e2_avaliacao_certa_18
Command: "/usr/bin/perl" "-I" "./tests/scripts" "./tests/scripts/tesh" "/home/lgkern/repos/MyLittleCompiler/tests/e2//avaliacao_certa_18.tesh"
Directory: /home/lgkern/repos/MyLittleCompiler/build
"e2_avaliacao_certa_18" start time: Sep 01 18:34 BRT
Output:
----------------------------------------------------------
Test suite `/home/lgkern/repos/MyLittleCompiler/tests/e2//avaliacao_certa_18'
[/home/lgkern/repos/MyLittleCompiler/tests/e2//avaliacao_certa_18:2] ./main ./tests/e2/input/certa18.txt
Test suite `/home/lgkern/repos/MyLittleCompiler/tests/e2//avaliacao_certa_18' OK
<end of output>
Test time =   0.08 sec
----------------------------------------------------------
Test Passed.
"e2_avaliacao_certa_18" end time: Sep 01 18:34 BRT
"e2_avaliacao_certa_18" time elapsed: 00:00:00
----------------------------------------------------------

51/298 Testing: e2_avaliacao_certa_19
51/298 Test: e2_avaliacao_certa_19
Command: "/usr/bin/perl" "-I" "./tests/scripts" "./tests/scripts/tesh" "/home/lgkern/repos/MyLittleCompiler/tests/e2//avaliacao_certa_19.tesh"
Directory: /home/lgkern/repos/MyLittleCompiler/build
"e2_avaliacao_certa_19" start time: Sep 01 18:34 BRT
Output:
----------------------------------------------------------
Test suite `/home/lgkern/repos/MyLittleCompiler/tests/e2//avaliacao_certa_19'
[/home/lgkern/repos/MyLittleCompiler/tests/e2//avaliacao_certa_19:2] ./main ./tests/e2/input/certa19.txt
Test suite `/home/lgkern/repos/MyLittleCompiler/tests/e2//avaliacao_certa_19' OK
<end of output>
Test time =   0.08 sec
----------------------------------------------------------
Test Passed.
"e2_avaliacao_certa_19" end time: Sep 01 18:34 BRT
"e2_avaliacao_certa_19" time elapsed: 00:00:00
----------------------------------------------------------

52/298 Testing: e2_avaliacao_certa_20
52/298 Test: e2_avaliacao_certa_20
Command: "/usr/bin/perl" "-I" "./tests/scripts" "./tests/scripts/tesh" "/home/lgkern/repos/MyLittleCompiler/tests/e2//avaliacao_certa_20.tesh"
Directory: /home/lgkern/repos/MyLittleCompiler/build
"e2_avaliacao_certa_20" start time: Sep 01 18:34 BRT
Output:
----------------------------------------------------------
Test suite `/home/lgkern/repos/MyLittleCompiler/tests/e2//avaliacao_certa_20'
[/home/lgkern/repos/MyLittleCompiler/tests/e2//avaliacao_certa_20:2] ./main ./tests/e2/input/certa20.txt
Test suite `/home/lgkern/repos/MyLittleCompiler/tests/e2//avaliacao_certa_20' OK
<end of output>
Test time =   0.08 sec
----------------------------------------------------------
Test Passed.
"e2_avaliacao_certa_20" end time: Sep 01 18:34 BRT
"e2_avaliacao_certa_20" time elapsed: 00:00:00
----------------------------------------------------------

53/298 Testing: e2_avaliacao_errada_01
53/298 Test: e2_avaliacao_errada_01
Command: "/usr/bin/perl" "-I" "./tests/scripts" "./tests/scripts/tesh" "/home/lgkern/repos/MyLittleCompiler/tests/e2//avaliacao_errada_01.tesh"
Directory: /home/lgkern/repos/MyLittleCompiler/build
"e2_avaliacao_errada_01" start time: Sep 01 18:34 BRT
Output:
----------------------------------------------------------
Test suite `/home/lgkern/repos/MyLittleCompiler/tests/e2//avaliacao_errada_01'
[/home/lgkern/repos/MyLittleCompiler/tests/e2//avaliacao_errada_01:4] ./main ./tests/e2/input/errada01.txt
(ignoring the output of </home/lgkern/repos/MyLittleCompiler/tests/e2//avaliacao_errada_01.tesh:4> as requested)
Test suite `/home/lgkern/repos/MyLittleCompiler/tests/e2//avaliacao_errada_01' OK
<end of output>
Test time =   0.08 sec
----------------------------------------------------------
Test Passed.
"e2_avaliacao_errada_01" end time: Sep 01 18:34 BRT
"e2_avaliacao_errada_01" time elapsed: 00:00:00
----------------------------------------------------------

54/298 Testing: e2_avaliacao_errada_02
54/298 Test: e2_avaliacao_errada_02
Command: "/usr/bin/perl" "-I" "./tests/scripts" "./tests/scripts/tesh" "/home/lgkern/repos/MyLittleCompiler/tests/e2//avaliacao_errada_02.tesh"
Directory: /home/lgkern/repos/MyLittleCompiler/build
"e2_avaliacao_errada_02" start time: Sep 01 18:34 BRT
Output:
----------------------------------------------------------
Test suite `/home/lgkern/repos/MyLittleCompiler/tests/e2//avaliacao_errada_02'
[/home/lgkern/repos/MyLittleCompiler/tests/e2//avaliacao_errada_02:4] ./main ./tests/e2/input/errada02.txt
(ignoring the output of </home/lgkern/repos/MyLittleCompiler/tests/e2//avaliacao_errada_02.tesh:4> as requested)
Test suite `/home/lgkern/repos/MyLittleCompiler/tests/e2//avaliacao_errada_02' OK
<end of output>
Test time =   0.08 sec
----------------------------------------------------------
Test Passed.
"e2_avaliacao_errada_02" end time: Sep 01 18:34 BRT
"e2_avaliacao_errada_02" time elapsed: 00:00:00
----------------------------------------------------------

55/298 Testing: e2_avaliacao_errada_03
55/298 Test: e2_avaliacao_errada_03
Command: "/usr/bin/perl" "-I" "./tests/scripts" "./tests/scripts/tesh" "/home/lgkern/repos/MyLittleCompiler/tests/e2//avaliacao_errada_03.tesh"
Directory: /home/lgkern/repos/MyLittleCompiler/build
"e2_avaliacao_errada_03" start time: Sep 01 18:34 BRT
Output:
----------------------------------------------------------
Test suite `/home/lgkern/repos/MyLittleCompiler/tests/e2//avaliacao_errada_03'
[/home/lgkern/repos/MyLittleCompiler/tests/e2//avaliacao_errada_03:4] ./main ./tests/e2/input/errada03.txt
(ignoring the output of </home/lgkern/repos/MyLittleCompiler/tests/e2//avaliacao_errada_03.tesh:4> as requested)
Test suite `/home/lgkern/repos/MyLittleCompiler/tests/e2//avaliacao_errada_03' OK
<end of output>
Test time =   0.08 sec
----------------------------------------------------------
Test Passed.
"e2_avaliacao_errada_03" end time: Sep 01 18:34 BRT
"e2_avaliacao_errada_03" time elapsed: 00:00:00
----------------------------------------------------------

56/298 Testing: e2_avaliacao_errada_04
56/298 Test: e2_avaliacao_errada_04
Command: "/usr/bin/perl" "-I" "./tests/scripts" "./tests/scripts/tesh" "/home/lgkern/repos/MyLittleCompiler/tests/e2//avaliacao_errada_04.tesh"
Directory: /home/lgkern/repos/MyLittleCompiler/build
"e2_avaliacao_errada_04" start time: Sep 01 18:34 BRT
Output:
----------------------------------------------------------
Test suite `/home/lgkern/repos/MyLittleCompiler/tests/e2//avaliacao_errada_04'
[/home/lgkern/repos/MyLittleCompiler/tests/e2//avaliacao_errada_04:4] ./main ./tests/e2/input/errada04.txt
(ignoring the output of </home/lgkern/repos/MyLittleCompiler/tests/e2//avaliacao_errada_04.tesh:4> as requested)
Test suite `/home/lgkern/repos/MyLittleCompiler/tests/e2//avaliacao_errada_04' OK
<end of output>
Test time =   0.09 sec
----------------------------------------------------------
Test Passed.
"e2_avaliacao_errada_04" end time: Sep 01 18:34 BRT
"e2_avaliacao_errada_04" time elapsed: 00:00:00
----------------------------------------------------------

57/298 Testing: e2_avaliacao_errada_05
57/298 Test: e2_avaliacao_errada_05
Command: "/usr/bin/perl" "-I" "./tests/scripts" "./tests/scripts/tesh" "/home/lgkern/repos/MyLittleCompiler/tests/e2//avaliacao_errada_05.tesh"
Directory: /home/lgkern/repos/MyLittleCompiler/build
"e2_avaliacao_errada_05" start time: Sep 01 18:34 BRT
Output:
----------------------------------------------------------
Test suite `/home/lgkern/repos/MyLittleCompiler/tests/e2//avaliacao_errada_05'
[/home/lgkern/repos/MyLittleCompiler/tests/e2//avaliacao_errada_05:4] ./main ./tests/e2/input/errada05.txt
(ignoring the output of </home/lgkern/repos/MyLittleCompiler/tests/e2//avaliacao_errada_05.tesh:4> as requested)
Test suite `/home/lgkern/repos/MyLittleCompiler/tests/e2//avaliacao_errada_05' OK
<end of output>
Test time =   0.08 sec
----------------------------------------------------------
Test Passed.
"e2_avaliacao_errada_05" end time: Sep 01 18:34 BRT
"e2_avaliacao_errada_05" time elapsed: 00:00:00
----------------------------------------------------------

58/298 Testing: e2_avaliacao_errada_06
58/298 Test: e2_avaliacao_errada_06
Command: "/usr/bin/perl" "-I" "./tests/scripts" "./tests/scripts/tesh" "/home/lgkern/repos/MyLittleCompiler/tests/e2//avaliacao_errada_06.tesh"
Directory: /home/lgkern/repos/MyLittleCompiler/build
"e2_avaliacao_errada_06" start time: Sep 01 18:34 BRT
Output:
----------------------------------------------------------
Test suite `/home/lgkern/repos/MyLittleCompiler/tests/e2//avaliacao_errada_06'
[/home/lgkern/repos/MyLittleCompiler/tests/e2//avaliacao_errada_06:4] ./main ./tests/e2/input/errada06.txt
(ignoring the output of </home/lgkern/repos/MyLittleCompiler/tests/e2//avaliacao_errada_06.tesh:4> as requested)
Test suite `/home/lgkern/repos/MyLittleCompiler/tests/e2//avaliacao_errada_06' OK
<end of output>
Test time =   0.08 sec
----------------------------------------------------------
Test Passed.
"e2_avaliacao_errada_06" end time: Sep 01 18:34 BRT
"e2_avaliacao_errada_06" time elapsed: 00:00:00
----------------------------------------------------------

59/298 Testing: e2_avaliacao_errada_07
59/298 Test: e2_avaliacao_errada_07
Command: "/usr/bin/perl" "-I" "./tests/scripts" "./tests/scripts/tesh" "/home/lgkern/repos/MyLittleCompiler/tests/e2//avaliacao_errada_07.tesh"
Directory: /home/lgkern/repos/MyLittleCompiler/build
"e2_avaliacao_errada_07" start time: Sep 01 18:34 BRT
Output:
----------------------------------------------------------
Test suite `/home/lgkern/repos/MyLittleCompiler/tests/e2//avaliacao_errada_07'
[/home/lgkern/repos/MyLittleCompiler/tests/e2//avaliacao_errada_07:4] ./main ./tests/e2/input/errada07.txt
(ignoring the output of </home/lgkern/repos/MyLittleCompiler/tests/e2//avaliacao_errada_07.tesh:4> as requested)
Test suite `/home/lgkern/repos/MyLittleCompiler/tests/e2//avaliacao_errada_07' OK
<end of output>
Test time =   0.08 sec
----------------------------------------------------------
Test Passed.
"e2_avaliacao_errada_07" end time: Sep 01 18:34 BRT
"e2_avaliacao_errada_07" time elapsed: 00:00:00
----------------------------------------------------------

60/298 Testing: e2_avaliacao_errada_08
60/298 Test: e2_avaliacao_errada_08
Command: "/usr/bin/perl" "-I" "./tests/scripts" "./tests/scripts/tesh" "/home/lgkern/repos/MyLittleCompiler/tests/e2//avaliacao_errada_08.tesh"
Directory: /home/lgkern/repos/MyLittleCompiler/build
"e2_avaliacao_errada_08" start time: Sep 01 18:34 BRT
Output:
----------------------------------------------------------
Test suite `/home/lgkern/repos/MyLittleCompiler/tests/e2//avaliacao_errada_08'
[/home/lgkern/repos/MyLittleCompiler/tests/e2//avaliacao_errada_08:4] ./main ./tests/e2/input/errada08.txt
(ignoring the output of </home/lgkern/repos/MyLittleCompiler/tests/e2//avaliacao_errada_08.tesh:4> as requested)
Test suite `/home/lgkern/repos/MyLittleCompiler/tests/e2//avaliacao_errada_08' OK
<end of output>
Test time =   0.08 sec
----------------------------------------------------------
Test Passed.
"e2_avaliacao_errada_08" end time: Sep 01 18:34 BRT
"e2_avaliacao_errada_08" time elapsed: 00:00:00
----------------------------------------------------------

61/298 Testing: e2_avaliacao_errada_09
61/298 Test: e2_avaliacao_errada_09
Command: "/usr/bin/perl" "-I" "./tests/scripts" "./tests/scripts/tesh" "/home/lgkern/repos/MyLittleCompiler/tests/e2//avaliacao_errada_09.tesh"
Directory: /home/lgkern/repos/MyLittleCompiler/build
"e2_avaliacao_errada_09" start time: Sep 01 18:34 BRT
Output:
----------------------------------------------------------
Test suite `/home/lgkern/repos/MyLittleCompiler/tests/e2//avaliacao_errada_09'
[/home/lgkern/repos/MyLittleCompiler/tests/e2//avaliacao_errada_09:4] ./main ./tests/e2/input/errada09.txt
(ignoring the output of </home/lgkern/repos/MyLittleCompiler/tests/e2//avaliacao_errada_09.tesh:4> as requested)
Test suite `/home/lgkern/repos/MyLittleCompiler/tests/e2//avaliacao_errada_09' OK
<end of output>
Test time =   0.08 sec
----------------------------------------------------------
Test Passed.
"e2_avaliacao_errada_09" end time: Sep 01 18:34 BRT
"e2_avaliacao_errada_09" time elapsed: 00:00:00
----------------------------------------------------------

62/298 Testing: e2_avaliacao_errada_10
62/298 Test: e2_avaliacao_errada_10
Command: "/usr/bin/perl" "-I" "./tests/scripts" "./tests/scripts/tesh" "/home/lgkern/repos/MyLittleCompiler/tests/e2//avaliacao_errada_10.tesh"
Directory: /home/lgkern/repos/MyLittleCompiler/build
"e2_avaliacao_errada_10" start time: Sep 01 18:34 BRT
Output:
----------------------------------------------------------
Test suite `/home/lgkern/repos/MyLittleCompiler/tests/e2//avaliacao_errada_10'
[/home/lgkern/repos/MyLittleCompiler/tests/e2//avaliacao_errada_10:4] ./main ./tests/e2/input/errada10.txt
(ignoring the output of </home/lgkern/repos/MyLittleCompiler/tests/e2//avaliacao_errada_10.tesh:4> as requested)
Test suite `/home/lgkern/repos/MyLittleCompiler/tests/e2//avaliacao_errada_10' OK
<end of output>
Test time =   0.08 sec
----------------------------------------------------------
Test Passed.
"e2_avaliacao_errada_10" end time: Sep 01 18:34 BRT
"e2_avaliacao_errada_10" time elapsed: 00:00:00
----------------------------------------------------------

63/298 Testing: e2_avaliacao_errada_11
63/298 Test: e2_avaliacao_errada_11
Command: "/usr/bin/perl" "-I" "./tests/scripts" "./tests/scripts/tesh" "/home/lgkern/repos/MyLittleCompiler/tests/e2//avaliacao_errada_11.tesh"
Directory: /home/lgkern/repos/MyLittleCompiler/build
"e2_avaliacao_errada_11" start time: Sep 01 18:34 BRT
Output:
----------------------------------------------------------
Test suite `/home/lgkern/repos/MyLittleCompiler/tests/e2//avaliacao_errada_11'
[/home/lgkern/repos/MyLittleCompiler/tests/e2//avaliacao_errada_11:4] ./main ./tests/e2/input/errada11.txt
(ignoring the output of </home/lgkern/repos/MyLittleCompiler/tests/e2//avaliacao_errada_11.tesh:4> as requested)
Test suite `/home/lgkern/repos/MyLittleCompiler/tests/e2//avaliacao_errada_11' OK
<end of output>
Test time =   0.08 sec
----------------------------------------------------------
Test Passed.
"e2_avaliacao_errada_11" end time: Sep 01 18:34 BRT
"e2_avaliacao_errada_11" time elapsed: 00:00:00
----------------------------------------------------------

64/298 Testing: e2_avaliacao_errada_12
64/298 Test: e2_avaliacao_errada_12
Command: "/usr/bin/perl" "-I" "./tests/scripts" "./tests/scripts/tesh" "/home/lgkern/repos/MyLittleCompiler/tests/e2//avaliacao_errada_12.tesh"
Directory: /home/lgkern/repos/MyLittleCompiler/build
"e2_avaliacao_errada_12" start time: Sep 01 18:34 BRT
Output:
----------------------------------------------------------
Test suite `/home/lgkern/repos/MyLittleCompiler/tests/e2//avaliacao_errada_12'
[/home/lgkern/repos/MyLittleCompiler/tests/e2//avaliacao_errada_12:4] ./main ./tests/e2/input/errada12.txt
(ignoring the output of </home/lgkern/repos/MyLittleCompiler/tests/e2//avaliacao_errada_12.tesh:4> as requested)
Test suite `/home/lgkern/repos/MyLittleCompiler/tests/e2//avaliacao_errada_12' OK
<end of output>
Test time =   0.08 sec
----------------------------------------------------------
Test Passed.
"e2_avaliacao_errada_12" end time: Sep 01 18:34 BRT
"e2_avaliacao_errada_12" time elapsed: 00:00:00
----------------------------------------------------------

65/298 Testing: e2_avaliacao_errada_13
65/298 Test: e2_avaliacao_errada_13
Command: "/usr/bin/perl" "-I" "./tests/scripts" "./tests/scripts/tesh" "/home/lgkern/repos/MyLittleCompiler/tests/e2//avaliacao_errada_13.tesh"
Directory: /home/lgkern/repos/MyLittleCompiler/build
"e2_avaliacao_errada_13" start time: Sep 01 18:34 BRT
Output:
----------------------------------------------------------
Test suite `/home/lgkern/repos/MyLittleCompiler/tests/e2//avaliacao_errada_13'
[/home/lgkern/repos/MyLittleCompiler/tests/e2//avaliacao_errada_13:4] ./main ./tests/e2/input/errada13.txt
(ignoring the output of </home/lgkern/repos/MyLittleCompiler/tests/e2//avaliacao_errada_13.tesh:4> as requested)
Test suite `/home/lgkern/repos/MyLittleCompiler/tests/e2//avaliacao_errada_13' OK
<end of output>
Test time =   0.08 sec
----------------------------------------------------------
Test Passed.
"e2_avaliacao_errada_13" end time: Sep 01 18:34 BRT
"e2_avaliacao_errada_13" time elapsed: 00:00:00
----------------------------------------------------------

66/298 Testing: e2_avaliacao_errada_14
66/298 Test: e2_avaliacao_errada_14
Command: "/usr/bin/perl" "-I" "./tests/scripts" "./tests/scripts/tesh" "/home/lgkern/repos/MyLittleCompiler/tests/e2//avaliacao_errada_14.tesh"
Directory: /home/lgkern/repos/MyLittleCompiler/build
"e2_avaliacao_errada_14" start time: Sep 01 18:34 BRT
Output:
----------------------------------------------------------
Test suite `/home/lgkern/repos/MyLittleCompiler/tests/e2//avaliacao_errada_14'
[/home/lgkern/repos/MyLittleCompiler/tests/e2//avaliacao_errada_14:4] ./main ./tests/e2/input/errada14.txt
(ignoring the output of </home/lgkern/repos/MyLittleCompiler/tests/e2//avaliacao_errada_14.tesh:4> as requested)
Test suite `/home/lgkern/repos/MyLittleCompiler/tests/e2//avaliacao_errada_14' OK
<end of output>
Test time =   0.08 sec
----------------------------------------------------------
Test Passed.
"e2_avaliacao_errada_14" end time: Sep 01 18:34 BRT
"e2_avaliacao_errada_14" time elapsed: 00:00:00
----------------------------------------------------------

67/298 Testing: e2_avaliacao_errada_15
67/298 Test: e2_avaliacao_errada_15
Command: "/usr/bin/perl" "-I" "./tests/scripts" "./tests/scripts/tesh" "/home/lgkern/repos/MyLittleCompiler/tests/e2//avaliacao_errada_15.tesh"
Directory: /home/lgkern/repos/MyLittleCompiler/build
"e2_avaliacao_errada_15" start time: Sep 01 18:34 BRT
Output:
----------------------------------------------------------
Test suite `/home/lgkern/repos/MyLittleCompiler/tests/e2//avaliacao_errada_15'
[/home/lgkern/repos/MyLittleCompiler/tests/e2//avaliacao_errada_15:4] ./main ./tests/e2/input/errada15.txt
(ignoring the output of </home/lgkern/repos/MyLittleCompiler/tests/e2//avaliacao_errada_15.tesh:4> as requested)
Test suite `/home/lgkern/repos/MyLittleCompiler/tests/e2//avaliacao_errada_15' OK
<end of output>
Test time =   0.08 sec
----------------------------------------------------------
Test Passed.
"e2_avaliacao_errada_15" end time: Sep 01 18:34 BRT
"e2_avaliacao_errada_15" time elapsed: 00:00:00
----------------------------------------------------------

68/298 Testing: e2_avaliacao_errada_16
68/298 Test: e2_avaliacao_errada_16
Command: "/usr/bin/perl" "-I" "./tests/scripts" "./tests/scripts/tesh" "/home/lgkern/repos/MyLittleCompiler/tests/e2//avaliacao_errada_16.tesh"
Directory: /home/lgkern/repos/MyLittleCompiler/build
"e2_avaliacao_errada_16" start time: Sep 01 18:34 BRT
Output:
----------------------------------------------------------
Test suite `/home/lgkern/repos/MyLittleCompiler/tests/e2//avaliacao_errada_16'
[/home/lgkern/repos/MyLittleCompiler/tests/e2//avaliacao_errada_16:4] ./main ./tests/e2/input/errada16.txt
(ignoring the output of </home/lgkern/repos/MyLittleCompiler/tests/e2//avaliacao_errada_16.tesh:4> as requested)
Test suite `/home/lgkern/repos/MyLittleCompiler/tests/e2//avaliacao_errada_16' OK
<end of output>
Test time =   0.08 sec
----------------------------------------------------------
Test Passed.
"e2_avaliacao_errada_16" end time: Sep 01 18:34 BRT
"e2_avaliacao_errada_16" time elapsed: 00:00:00
----------------------------------------------------------

69/298 Testing: e2_avaliacao_errada_17
69/298 Test: e2_avaliacao_errada_17
Command: "/usr/bin/perl" "-I" "./tests/scripts" "./tests/scripts/tesh" "/home/lgkern/repos/MyLittleCompiler/tests/e2//avaliacao_errada_17.tesh"
Directory: /home/lgkern/repos/MyLittleCompiler/build
"e2_avaliacao_errada_17" start time: Sep 01 18:34 BRT
Output:
----------------------------------------------------------
Test suite `/home/lgkern/repos/MyLittleCompiler/tests/e2//avaliacao_errada_17'
[/home/lgkern/repos/MyLittleCompiler/tests/e2//avaliacao_errada_17:4] ./main ./tests/e2/input/errada17.txt
(ignoring the output of </home/lgkern/repos/MyLittleCompiler/tests/e2//avaliacao_errada_17.tesh:4> as requested)
Test suite `/home/lgkern/repos/MyLittleCompiler/tests/e2//avaliacao_errada_17' OK
<end of output>
Test time =   0.08 sec
----------------------------------------------------------
Test Passed.
"e2_avaliacao_errada_17" end time: Sep 01 18:34 BRT
"e2_avaliacao_errada_17" time elapsed: 00:00:00
----------------------------------------------------------

70/298 Testing: e2_avaliacao_errada_18
70/298 Test: e2_avaliacao_errada_18
Command: "/usr/bin/perl" "-I" "./tests/scripts" "./tests/scripts/tesh" "/home/lgkern/repos/MyLittleCompiler/tests/e2//avaliacao_errada_18.tesh"
Directory: /home/lgkern/repos/MyLittleCompiler/build
"e2_avaliacao_errada_18" start time: Sep 01 18:34 BRT
Output:
----------------------------------------------------------
Test suite `/home/lgkern/repos/MyLittleCompiler/tests/e2//avaliacao_errada_18'
[/home/lgkern/repos/MyLittleCompiler/tests/e2//avaliacao_errada_18:4] ./main ./tests/e2/input/errada18.txt
(ignoring the output of </home/lgkern/repos/MyLittleCompiler/tests/e2//avaliacao_errada_18.tesh:4> as requested)
Test suite `/home/lgkern/repos/MyLittleCompiler/tests/e2//avaliacao_errada_18' OK
<end of output>
Test time =   0.08 sec
----------------------------------------------------------
Test Passed.
"e2_avaliacao_errada_18" end time: Sep 01 18:34 BRT
"e2_avaliacao_errada_18" time elapsed: 00:00:00
----------------------------------------------------------

71/298 Testing: e2_avaliacao_errada_19
71/298 Test: e2_avaliacao_errada_19
Command: "/usr/bin/perl" "-I" "./tests/scripts" "./tests/scripts/tesh" "/home/lgkern/repos/MyLittleCompiler/tests/e2//avaliacao_errada_19.tesh"
Directory: /home/lgkern/repos/MyLittleCompiler/build
"e2_avaliacao_errada_19" start time: Sep 01 18:34 BRT
Output:
----------------------------------------------------------
Test suite `/home/lgkern/repos/MyLittleCompiler/tests/e2//avaliacao_errada_19'
[/home/lgkern/repos/MyLittleCompiler/tests/e2//avaliacao_errada_19:4] ./main ./tests/e2/input/errada19.txt
(ignoring the output of </home/lgkern/repos/MyLittleCompiler/tests/e2//avaliacao_errada_19.tesh:4> as requested)
Test suite `/home/lgkern/repos/MyLittleCompiler/tests/e2//avaliacao_errada_19' OK
<end of output>
Test time =   0.08 sec
----------------------------------------------------------
Test Passed.
"e2_avaliacao_errada_19" end time: Sep 01 18:34 BRT
"e2_avaliacao_errada_19" time elapsed: 00:00:00
----------------------------------------------------------

72/298 Testing: e2_avaliacao_errada_20
72/298 Test: e2_avaliacao_errada_20
Command: "/usr/bin/perl" "-I" "./tests/scripts" "./tests/scripts/tesh" "/home/lgkern/repos/MyLittleCompiler/tests/e2//avaliacao_errada_20.tesh"
Directory: /home/lgkern/repos/MyLittleCompiler/build
"e2_avaliacao_errada_20" start time: Sep 01 18:34 BRT
Output:
----------------------------------------------------------
Test suite `/home/lgkern/repos/MyLittleCompiler/tests/e2//avaliacao_errada_20'
[/home/lgkern/repos/MyLittleCompiler/tests/e2//avaliacao_errada_20:4] ./main ./tests/e2/input/errada20.txt
(ignoring the output of </home/lgkern/repos/MyLittleCompiler/tests/e2//avaliacao_errada_20.tesh:4> as requested)
Test suite `/home/lgkern/repos/MyLittleCompiler/tests/e2//avaliacao_errada_20' OK
<end of output>
Test time =   0.08 sec
----------------------------------------------------------
Test Passed.
"e2_avaliacao_errada_20" end time: Sep 01 18:34 BRT
"e2_avaliacao_errada_20" time elapsed: 00:00:00
----------------------------------------------------------

73/298 Testing: e2_valgrind_certa_01
73/298 Test: e2_valgrind_certa_01
Command: "/usr/bin/perl" "-I" "./tests/scripts" "./tests/scripts/tesh" "/home/lgkern/repos/MyLittleCompiler/tests/e2//valgrind_certa_01.tesh"
Directory: /home/lgkern/repos/MyLittleCompiler/build
"e2_valgrind_certa_01" start time: Sep 01 18:34 BRT
Output:
----------------------------------------------------------
Test suite `/home/lgkern/repos/MyLittleCompiler/tests/e2//valgrind_certa_01'
[/home/lgkern/repos/MyLittleCompiler/tests/e2//valgrind_certa_01:3] ./tests/scripts/valgrindtest ./main ./tests/e2/input/certa01.txt
(ignoring the output of </home/lgkern/repos/MyLittleCompiler/tests/e2//valgrind_certa_01.tesh:3> as requested)
Test suite `/home/lgkern/repos/MyLittleCompiler/tests/e2//valgrind_certa_01' OK
<end of output>
Test time =   0.88 sec
----------------------------------------------------------
Test Passed.
"e2_valgrind_certa_01" end time: Sep 01 18:34 BRT
"e2_valgrind_certa_01" time elapsed: 00:00:00
----------------------------------------------------------

74/298 Testing: e2_valgrind_certa_02
74/298 Test: e2_valgrind_certa_02
Command: "/usr/bin/perl" "-I" "./tests/scripts" "./tests/scripts/tesh" "/home/lgkern/repos/MyLittleCompiler/tests/e2//valgrind_certa_02.tesh"
Directory: /home/lgkern/repos/MyLittleCompiler/build
"e2_valgrind_certa_02" start time: Sep 01 18:34 BRT
Output:
----------------------------------------------------------
Test suite `/home/lgkern/repos/MyLittleCompiler/tests/e2//valgrind_certa_02'
[/home/lgkern/repos/MyLittleCompiler/tests/e2//valgrind_certa_02:3] ./tests/scripts/valgrindtest ./main ./tests/e2/input/certa02.txt
(ignoring the output of </home/lgkern/repos/MyLittleCompiler/tests/e2//valgrind_certa_02.tesh:3> as requested)
Test suite `/home/lgkern/repos/MyLittleCompiler/tests/e2//valgrind_certa_02' OK
<end of output>
Test time =   0.89 sec
----------------------------------------------------------
Test Passed.
"e2_valgrind_certa_02" end time: Sep 01 18:34 BRT
"e2_valgrind_certa_02" time elapsed: 00:00:00
----------------------------------------------------------

75/298 Testing: e2_valgrind_certa_03
75/298 Test: e2_valgrind_certa_03
Command: "/usr/bin/perl" "-I" "./tests/scripts" "./tests/scripts/tesh" "/home/lgkern/repos/MyLittleCompiler/tests/e2//valgrind_certa_03.tesh"
Directory: /home/lgkern/repos/MyLittleCompiler/build
"e2_valgrind_certa_03" start time: Sep 01 18:34 BRT
Output:
----------------------------------------------------------
Test suite `/home/lgkern/repos/MyLittleCompiler/tests/e2//valgrind_certa_03'
[/home/lgkern/repos/MyLittleCompiler/tests/e2//valgrind_certa_03:3] ./tests/scripts/valgrindtest ./main ./tests/e2/input/certa03.txt
(ignoring the output of </home/lgkern/repos/MyLittleCompiler/tests/e2//valgrind_certa_03.tesh:3> as requested)
Test suite `/home/lgkern/repos/MyLittleCompiler/tests/e2//valgrind_certa_03' OK
<end of output>
Test time =   0.97 sec
----------------------------------------------------------
Test Passed.
"e2_valgrind_certa_03" end time: Sep 01 18:34 BRT
"e2_valgrind_certa_03" time elapsed: 00:00:00
----------------------------------------------------------

76/298 Testing: e2_valgrind_certa_04
76/298 Test: e2_valgrind_certa_04
Command: "/usr/bin/perl" "-I" "./tests/scripts" "./tests/scripts/tesh" "/home/lgkern/repos/MyLittleCompiler/tests/e2//valgrind_certa_04.tesh"
Directory: /home/lgkern/repos/MyLittleCompiler/build
"e2_valgrind_certa_04" start time: Sep 01 18:34 BRT
Output:
----------------------------------------------------------
Test suite `/home/lgkern/repos/MyLittleCompiler/tests/e2//valgrind_certa_04'
[/home/lgkern/repos/MyLittleCompiler/tests/e2//valgrind_certa_04:3] ./tests/scripts/valgrindtest ./main ./tests/e2/input/certa04.txt
(ignoring the output of </home/lgkern/repos/MyLittleCompiler/tests/e2//valgrind_certa_04.tesh:3> as requested)
Test suite `/home/lgkern/repos/MyLittleCompiler/tests/e2//valgrind_certa_04' OK
<end of output>
Test time =   0.88 sec
----------------------------------------------------------
Test Passed.
"e2_valgrind_certa_04" end time: Sep 01 18:34 BRT
"e2_valgrind_certa_04" time elapsed: 00:00:00
----------------------------------------------------------

77/298 Testing: e2_valgrind_certa_05
77/298 Test: e2_valgrind_certa_05
Command: "/usr/bin/perl" "-I" "./tests/scripts" "./tests/scripts/tesh" "/home/lgkern/repos/MyLittleCompiler/tests/e2//valgrind_certa_05.tesh"
Directory: /home/lgkern/repos/MyLittleCompiler/build
"e2_valgrind_certa_05" start time: Sep 01 18:34 BRT
Output:
----------------------------------------------------------
Test suite `/home/lgkern/repos/MyLittleCompiler/tests/e2//valgrind_certa_05'
[/home/lgkern/repos/MyLittleCompiler/tests/e2//valgrind_certa_05:3] ./tests/scripts/valgrindtest ./main ./tests/e2/input/certa05.txt
(ignoring the output of </home/lgkern/repos/MyLittleCompiler/tests/e2//valgrind_certa_05.tesh:3> as requested)
Test suite `/home/lgkern/repos/MyLittleCompiler/tests/e2//valgrind_certa_05' OK
<end of output>
Test time =   0.98 sec
----------------------------------------------------------
Test Passed.
"e2_valgrind_certa_05" end time: Sep 01 18:34 BRT
"e2_valgrind_certa_05" time elapsed: 00:00:00
----------------------------------------------------------

78/298 Testing: e2_valgrind_certa_06
78/298 Test: e2_valgrind_certa_06
Command: "/usr/bin/perl" "-I" "./tests/scripts" "./tests/scripts/tesh" "/home/lgkern/repos/MyLittleCompiler/tests/e2//valgrind_certa_06.tesh"
Directory: /home/lgkern/repos/MyLittleCompiler/build
"e2_valgrind_certa_06" start time: Sep 01 18:34 BRT
Output:
----------------------------------------------------------
Test suite `/home/lgkern/repos/MyLittleCompiler/tests/e2//valgrind_certa_06'
[/home/lgkern/repos/MyLittleCompiler/tests/e2//valgrind_certa_06:3] ./tests/scripts/valgrindtest ./main ./tests/e2/input/certa06.txt
(ignoring the output of </home/lgkern/repos/MyLittleCompiler/tests/e2//valgrind_certa_06.tesh:3> as requested)
Test suite `/home/lgkern/repos/MyLittleCompiler/tests/e2//valgrind_certa_06' OK
<end of output>
Test time =   0.92 sec
----------------------------------------------------------
Test Passed.
"e2_valgrind_certa_06" end time: Sep 01 18:34 BRT
"e2_valgrind_certa_06" time elapsed: 00:00:00
----------------------------------------------------------

79/298 Testing: e2_valgrind_certa_07
79/298 Test: e2_valgrind_certa_07
Command: "/usr/bin/perl" "-I" "./tests/scripts" "./tests/scripts/tesh" "/home/lgkern/repos/MyLittleCompiler/tests/e2//valgrind_certa_07.tesh"
Directory: /home/lgkern/repos/MyLittleCompiler/build
"e2_valgrind_certa_07" start time: Sep 01 18:34 BRT
Output:
----------------------------------------------------------
Test suite `/home/lgkern/repos/MyLittleCompiler/tests/e2//valgrind_certa_07'
[/home/lgkern/repos/MyLittleCompiler/tests/e2//valgrind_certa_07:3] ./tests/scripts/valgrindtest ./main ./tests/e2/input/certa07.txt
(ignoring the output of </home/lgkern/repos/MyLittleCompiler/tests/e2//valgrind_certa_07.tesh:3> as requested)
Test suite `/home/lgkern/repos/MyLittleCompiler/tests/e2//valgrind_certa_07' OK
<end of output>
Test time =   0.89 sec
----------------------------------------------------------
Test Passed.
"e2_valgrind_certa_07" end time: Sep 01 18:34 BRT
"e2_valgrind_certa_07" time elapsed: 00:00:00
----------------------------------------------------------

80/298 Testing: e2_valgrind_certa_08
80/298 Test: e2_valgrind_certa_08
Command: "/usr/bin/perl" "-I" "./tests/scripts" "./tests/scripts/tesh" "/home/lgkern/repos/MyLittleCompiler/tests/e2//valgrind_certa_08.tesh"
Directory: /home/lgkern/repos/MyLittleCompiler/build
"e2_valgrind_certa_08" start time: Sep 01 18:34 BRT
Output:
----------------------------------------------------------
Test suite `/home/lgkern/repos/MyLittleCompiler/tests/e2//valgrind_certa_08'
[/home/lgkern/repos/MyLittleCompiler/tests/e2//valgrind_certa_08:3] ./tests/scripts/valgrindtest ./main ./tests/e2/input/certa08.txt
(ignoring the output of </home/lgkern/repos/MyLittleCompiler/tests/e2//valgrind_certa_08.tesh:3> as requested)
Test suite `/home/lgkern/repos/MyLittleCompiler/tests/e2//valgrind_certa_08' OK
<end of output>
Test time =   0.97 sec
----------------------------------------------------------
Test Passed.
"e2_valgrind_certa_08" end time: Sep 01 18:34 BRT
"e2_valgrind_certa_08" time elapsed: 00:00:00
----------------------------------------------------------

81/298 Testing: e2_valgrind_certa_09
81/298 Test: e2_valgrind_certa_09
Command: "/usr/bin/perl" "-I" "./tests/scripts" "./tests/scripts/tesh" "/home/lgkern/repos/MyLittleCompiler/tests/e2//valgrind_certa_09.tesh"
Directory: /home/lgkern/repos/MyLittleCompiler/build
"e2_valgrind_certa_09" start time: Sep 01 18:34 BRT
Output:
----------------------------------------------------------
Test suite `/home/lgkern/repos/MyLittleCompiler/tests/e2//valgrind_certa_09'
[/home/lgkern/repos/MyLittleCompiler/tests/e2//valgrind_certa_09:3] ./tests/scripts/valgrindtest ./main ./tests/e2/input/certa09.txt
(ignoring the output of </home/lgkern/repos/MyLittleCompiler/tests/e2//valgrind_certa_09.tesh:3> as requested)
Test suite `/home/lgkern/repos/MyLittleCompiler/tests/e2//valgrind_certa_09' OK
<end of output>
Test time =   0.91 sec
----------------------------------------------------------
Test Passed.
"e2_valgrind_certa_09" end time: Sep 01 18:34 BRT
"e2_valgrind_certa_09" time elapsed: 00:00:00
----------------------------------------------------------

82/298 Testing: e2_valgrind_certa_10
82/298 Test: e2_valgrind_certa_10
Command: "/usr/bin/perl" "-I" "./tests/scripts" "./tests/scripts/tesh" "/home/lgkern/repos/MyLittleCompiler/tests/e2//valgrind_certa_10.tesh"
Directory: /home/lgkern/repos/MyLittleCompiler/build
"e2_valgrind_certa_10" start time: Sep 01 18:34 BRT
Output:
----------------------------------------------------------
Test suite `/home/lgkern/repos/MyLittleCompiler/tests/e2//valgrind_certa_10'
[/home/lgkern/repos/MyLittleCompiler/tests/e2//valgrind_certa_10:3] ./tests/scripts/valgrindtest ./main ./tests/e2/input/certa10.txt
(ignoring the output of </home/lgkern/repos/MyLittleCompiler/tests/e2//valgrind_certa_10.tesh:3> as requested)
Test suite `/home/lgkern/repos/MyLittleCompiler/tests/e2//valgrind_certa_10' OK
<end of output>
Test time =   0.90 sec
----------------------------------------------------------
Test Passed.
"e2_valgrind_certa_10" end time: Sep 01 18:34 BRT
"e2_valgrind_certa_10" time elapsed: 00:00:00
----------------------------------------------------------

83/298 Testing: e2_valgrind_certa_11
83/298 Test: e2_valgrind_certa_11
Command: "/usr/bin/perl" "-I" "./tests/scripts" "./tests/scripts/tesh" "/home/lgkern/repos/MyLittleCompiler/tests/e2//valgrind_certa_11.tesh"
Directory: /home/lgkern/repos/MyLittleCompiler/build
"e2_valgrind_certa_11" start time: Sep 01 18:34 BRT
Output:
----------------------------------------------------------
Test suite `/home/lgkern/repos/MyLittleCompiler/tests/e2//valgrind_certa_11'
[/home/lgkern/repos/MyLittleCompiler/tests/e2//valgrind_certa_11:3] ./tests/scripts/valgrindtest ./main ./tests/e2/input/certa11.txt
(ignoring the output of </home/lgkern/repos/MyLittleCompiler/tests/e2//valgrind_certa_11.tesh:3> as requested)
Test suite `/home/lgkern/repos/MyLittleCompiler/tests/e2//valgrind_certa_11' OK
<end of output>
Test time =   0.90 sec
----------------------------------------------------------
Test Passed.
"e2_valgrind_certa_11" end time: Sep 01 18:34 BRT
"e2_valgrind_certa_11" time elapsed: 00:00:00
----------------------------------------------------------

84/298 Testing: e2_valgrind_certa_12
84/298 Test: e2_valgrind_certa_12
Command: "/usr/bin/perl" "-I" "./tests/scripts" "./tests/scripts/tesh" "/home/lgkern/repos/MyLittleCompiler/tests/e2//valgrind_certa_12.tesh"
Directory: /home/lgkern/repos/MyLittleCompiler/build
"e2_valgrind_certa_12" start time: Sep 01 18:34 BRT
Output:
----------------------------------------------------------
Test suite `/home/lgkern/repos/MyLittleCompiler/tests/e2//valgrind_certa_12'
[/home/lgkern/repos/MyLittleCompiler/tests/e2//valgrind_certa_12:3] ./tests/scripts/valgrindtest ./main ./tests/e2/input/certa12.txt
(ignoring the output of </home/lgkern/repos/MyLittleCompiler/tests/e2//valgrind_certa_12.tesh:3> as requested)
Test suite `/home/lgkern/repos/MyLittleCompiler/tests/e2//valgrind_certa_12' OK
<end of output>
Test time =   0.90 sec
----------------------------------------------------------
Test Passed.
"e2_valgrind_certa_12" end time: Sep 01 18:34 BRT
"e2_valgrind_certa_12" time elapsed: 00:00:00
----------------------------------------------------------

85/298 Testing: e2_valgrind_certa_13
85/298 Test: e2_valgrind_certa_13
Command: "/usr/bin/perl" "-I" "./tests/scripts" "./tests/scripts/tesh" "/home/lgkern/repos/MyLittleCompiler/tests/e2//valgrind_certa_13.tesh"
Directory: /home/lgkern/repos/MyLittleCompiler/build
"e2_valgrind_certa_13" start time: Sep 01 18:34 BRT
Output:
----------------------------------------------------------
Test suite `/home/lgkern/repos/MyLittleCompiler/tests/e2//valgrind_certa_13'
[/home/lgkern/repos/MyLittleCompiler/tests/e2//valgrind_certa_13:3] ./tests/scripts/valgrindtest ./main ./tests/e2/input/certa13.txt
(ignoring the output of </home/lgkern/repos/MyLittleCompiler/tests/e2//valgrind_certa_13.tesh:3> as requested)
Test suite `/home/lgkern/repos/MyLittleCompiler/tests/e2//valgrind_certa_13' OK
<end of output>
Test time =   0.89 sec
----------------------------------------------------------
Test Passed.
"e2_valgrind_certa_13" end time: Sep 01 18:34 BRT
"e2_valgrind_certa_13" time elapsed: 00:00:00
----------------------------------------------------------

86/298 Testing: e2_valgrind_certa_14
86/298 Test: e2_valgrind_certa_14
Command: "/usr/bin/perl" "-I" "./tests/scripts" "./tests/scripts/tesh" "/home/lgkern/repos/MyLittleCompiler/tests/e2//valgrind_certa_14.tesh"
Directory: /home/lgkern/repos/MyLittleCompiler/build
"e2_valgrind_certa_14" start time: Sep 01 18:34 BRT
Output:
----------------------------------------------------------
Test suite `/home/lgkern/repos/MyLittleCompiler/tests/e2//valgrind_certa_14'
[/home/lgkern/repos/MyLittleCompiler/tests/e2//valgrind_certa_14:3] ./tests/scripts/valgrindtest ./main ./tests/e2/input/certa14.txt
(ignoring the output of </home/lgkern/repos/MyLittleCompiler/tests/e2//valgrind_certa_14.tesh:3> as requested)
Test suite `/home/lgkern/repos/MyLittleCompiler/tests/e2//valgrind_certa_14' OK
<end of output>
Test time =   0.99 sec
----------------------------------------------------------
Test Passed.
"e2_valgrind_certa_14" end time: Sep 01 18:34 BRT
"e2_valgrind_certa_14" time elapsed: 00:00:00
----------------------------------------------------------

87/298 Testing: e2_valgrind_certa_15
87/298 Test: e2_valgrind_certa_15
Command: "/usr/bin/perl" "-I" "./tests/scripts" "./tests/scripts/tesh" "/home/lgkern/repos/MyLittleCompiler/tests/e2//valgrind_certa_15.tesh"
Directory: /home/lgkern/repos/MyLittleCompiler/build
"e2_valgrind_certa_15" start time: Sep 01 18:34 BRT
Output:
----------------------------------------------------------
Test suite `/home/lgkern/repos/MyLittleCompiler/tests/e2//valgrind_certa_15'
[/home/lgkern/repos/MyLittleCompiler/tests/e2//valgrind_certa_15:3] ./tests/scripts/valgrindtest ./main ./tests/e2/input/certa15.txt
(ignoring the output of </home/lgkern/repos/MyLittleCompiler/tests/e2//valgrind_certa_15.tesh:3> as requested)
Test suite `/home/lgkern/repos/MyLittleCompiler/tests/e2//valgrind_certa_15' OK
<end of output>
Test time =   0.91 sec
----------------------------------------------------------
Test Passed.
"e2_valgrind_certa_15" end time: Sep 01 18:34 BRT
"e2_valgrind_certa_15" time elapsed: 00:00:00
----------------------------------------------------------

88/298 Testing: e2_valgrind_certa_16
88/298 Test: e2_valgrind_certa_16
Command: "/usr/bin/perl" "-I" "./tests/scripts" "./tests/scripts/tesh" "/home/lgkern/repos/MyLittleCompiler/tests/e2//valgrind_certa_16.tesh"
Directory: /home/lgkern/repos/MyLittleCompiler/build
"e2_valgrind_certa_16" start time: Sep 01 18:34 BRT
Output:
----------------------------------------------------------
Test suite `/home/lgkern/repos/MyLittleCompiler/tests/e2//valgrind_certa_16'
[/home/lgkern/repos/MyLittleCompiler/tests/e2//valgrind_certa_16:3] ./tests/scripts/valgrindtest ./main ./tests/e2/input/certa16.txt
(ignoring the output of </home/lgkern/repos/MyLittleCompiler/tests/e2//valgrind_certa_16.tesh:3> as requested)
Test suite `/home/lgkern/repos/MyLittleCompiler/tests/e2//valgrind_certa_16' OK
<end of output>
Test time =   0.90 sec
----------------------------------------------------------
Test Passed.
"e2_valgrind_certa_16" end time: Sep 01 18:34 BRT
"e2_valgrind_certa_16" time elapsed: 00:00:00
----------------------------------------------------------

89/298 Testing: e2_valgrind_certa_17
89/298 Test: e2_valgrind_certa_17
Command: "/usr/bin/perl" "-I" "./tests/scripts" "./tests/scripts/tesh" "/home/lgkern/repos/MyLittleCompiler/tests/e2//valgrind_certa_17.tesh"
Directory: /home/lgkern/repos/MyLittleCompiler/build
"e2_valgrind_certa_17" start time: Sep 01 18:34 BRT
Output:
----------------------------------------------------------
Test suite `/home/lgkern/repos/MyLittleCompiler/tests/e2//valgrind_certa_17'
[/home/lgkern/repos/MyLittleCompiler/tests/e2//valgrind_certa_17:3] ./tests/scripts/valgrindtest ./main ./tests/e2/input/certa17.txt
(ignoring the output of </home/lgkern/repos/MyLittleCompiler/tests/e2//valgrind_certa_17.tesh:3> as requested)
Test suite `/home/lgkern/repos/MyLittleCompiler/tests/e2//valgrind_certa_17' OK
<end of output>
Test time =   0.91 sec
----------------------------------------------------------
Test Passed.
"e2_valgrind_certa_17" end time: Sep 01 18:34 BRT
"e2_valgrind_certa_17" time elapsed: 00:00:00
----------------------------------------------------------

90/298 Testing: e2_valgrind_certa_18
90/298 Test: e2_valgrind_certa_18
Command: "/usr/bin/perl" "-I" "./tests/scripts" "./tests/scripts/tesh" "/home/lgkern/repos/MyLittleCompiler/tests/e2//valgrind_certa_18.tesh"
Directory: /home/lgkern/repos/MyLittleCompiler/build
"e2_valgrind_certa_18" start time: Sep 01 18:34 BRT
Output:
----------------------------------------------------------
Test suite `/home/lgkern/repos/MyLittleCompiler/tests/e2//valgrind_certa_18'
[/home/lgkern/repos/MyLittleCompiler/tests/e2//valgrind_certa_18:3] ./tests/scripts/valgrindtest ./main ./tests/e2/input/certa18.txt
(ignoring the output of </home/lgkern/repos/MyLittleCompiler/tests/e2//valgrind_certa_18.tesh:3> as requested)
Test suite `/home/lgkern/repos/MyLittleCompiler/tests/e2//valgrind_certa_18' OK
<end of output>
Test time =   0.89 sec
----------------------------------------------------------
Test Passed.
"e2_valgrind_certa_18" end time: Sep 01 18:34 BRT
"e2_valgrind_certa_18" time elapsed: 00:00:00
----------------------------------------------------------

91/298 Testing: e2_valgrind_certa_19
91/298 Test: e2_valgrind_certa_19
Command: "/usr/bin/perl" "-I" "./tests/scripts" "./tests/scripts/tesh" "/home/lgkern/repos/MyLittleCompiler/tests/e2//valgrind_certa_19.tesh"
Directory: /home/lgkern/repos/MyLittleCompiler/build
"e2_valgrind_certa_19" start time: Sep 01 18:34 BRT
Output:
----------------------------------------------------------
Test suite `/home/lgkern/repos/MyLittleCompiler/tests/e2//valgrind_certa_19'
[/home/lgkern/repos/MyLittleCompiler/tests/e2//valgrind_certa_19:3] ./tests/scripts/valgrindtest ./main ./tests/e2/input/certa19.txt
(ignoring the output of </home/lgkern/repos/MyLittleCompiler/tests/e2//valgrind_certa_19.tesh:3> as requested)
Test suite `/home/lgkern/repos/MyLittleCompiler/tests/e2//valgrind_certa_19' OK
<end of output>
Test time =   0.89 sec
----------------------------------------------------------
Test Passed.
"e2_valgrind_certa_19" end time: Sep 01 18:34 BRT
"e2_valgrind_certa_19" time elapsed: 00:00:00
----------------------------------------------------------

92/298 Testing: e2_valgrind_certa_20
92/298 Test: e2_valgrind_certa_20
Command: "/usr/bin/perl" "-I" "./tests/scripts" "./tests/scripts/tesh" "/home/lgkern/repos/MyLittleCompiler/tests/e2//valgrind_certa_20.tesh"
Directory: /home/lgkern/repos/MyLittleCompiler/build
"e2_valgrind_certa_20" start time: Sep 01 18:34 BRT
Output:
----------------------------------------------------------
Test suite `/home/lgkern/repos/MyLittleCompiler/tests/e2//valgrind_certa_20'
[/home/lgkern/repos/MyLittleCompiler/tests/e2//valgrind_certa_20:3] ./tests/scripts/valgrindtest ./main ./tests/e2/input/certa20.txt
(ignoring the output of </home/lgkern/repos/MyLittleCompiler/tests/e2//valgrind_certa_20.tesh:3> as requested)
Test suite `/home/lgkern/repos/MyLittleCompiler/tests/e2//valgrind_certa_20' OK
<end of output>
Test time =   0.98 sec
----------------------------------------------------------
Test Passed.
"e2_valgrind_certa_20" end time: Sep 01 18:34 BRT
"e2_valgrind_certa_20" time elapsed: 00:00:00
----------------------------------------------------------

93/298 Testing: e2_valgrind_errada_01
93/298 Test: e2_valgrind_errada_01
Command: "/usr/bin/perl" "-I" "./tests/scripts" "./tests/scripts/tesh" "/home/lgkern/repos/MyLittleCompiler/tests/e2//valgrind_errada_01.tesh"
Directory: /home/lgkern/repos/MyLittleCompiler/build
"e2_valgrind_errada_01" start time: Sep 01 18:34 BRT
Output:
----------------------------------------------------------
Test suite `/home/lgkern/repos/MyLittleCompiler/tests/e2//valgrind_errada_01'
[/home/lgkern/repos/MyLittleCompiler/tests/e2//valgrind_errada_01:3] ./tests/scripts/valgrindtest ./main ./tests/e2/input/errada01.txt
(ignoring the output of </home/lgkern/repos/MyLittleCompiler/tests/e2//valgrind_errada_01.tesh:3> as requested)
Test suite `/home/lgkern/repos/MyLittleCompiler/tests/e2//valgrind_errada_01' OK
<end of output>
Test time =   0.95 sec
----------------------------------------------------------
Test Passed.
"e2_valgrind_errada_01" end time: Sep 01 18:34 BRT
"e2_valgrind_errada_01" time elapsed: 00:00:00
----------------------------------------------------------

94/298 Testing: e2_valgrind_errada_02
94/298 Test: e2_valgrind_errada_02
Command: "/usr/bin/perl" "-I" "./tests/scripts" "./tests/scripts/tesh" "/home/lgkern/repos/MyLittleCompiler/tests/e2//valgrind_errada_02.tesh"
Directory: /home/lgkern/repos/MyLittleCompiler/build
"e2_valgrind_errada_02" start time: Sep 01 18:34 BRT
Output:
----------------------------------------------------------
Test suite `/home/lgkern/repos/MyLittleCompiler/tests/e2//valgrind_errada_02'
[/home/lgkern/repos/MyLittleCompiler/tests/e2//valgrind_errada_02:3] ./tests/scripts/valgrindtest ./main ./tests/e2/input/errada02.txt
(ignoring the output of </home/lgkern/repos/MyLittleCompiler/tests/e2//valgrind_errada_02.tesh:3> as requested)
Test suite `/home/lgkern/repos/MyLittleCompiler/tests/e2//valgrind_errada_02' OK
<end of output>
Test time =   0.90 sec
----------------------------------------------------------
Test Passed.
"e2_valgrind_errada_02" end time: Sep 01 18:34 BRT
"e2_valgrind_errada_02" time elapsed: 00:00:00
----------------------------------------------------------

95/298 Testing: e2_valgrind_errada_03
95/298 Test: e2_valgrind_errada_03
Command: "/usr/bin/perl" "-I" "./tests/scripts" "./tests/scripts/tesh" "/home/lgkern/repos/MyLittleCompiler/tests/e2//valgrind_errada_03.tesh"
Directory: /home/lgkern/repos/MyLittleCompiler/build
"e2_valgrind_errada_03" start time: Sep 01 18:34 BRT
Output:
----------------------------------------------------------
Test suite `/home/lgkern/repos/MyLittleCompiler/tests/e2//valgrind_errada_03'
[/home/lgkern/repos/MyLittleCompiler/tests/e2//valgrind_errada_03:3] ./tests/scripts/valgrindtest ./main ./tests/e2/input/errada03.txt
(ignoring the output of </home/lgkern/repos/MyLittleCompiler/tests/e2//valgrind_errada_03.tesh:3> as requested)
Test suite `/home/lgkern/repos/MyLittleCompiler/tests/e2//valgrind_errada_03' OK
<end of output>
Test time =   0.93 sec
----------------------------------------------------------
Test Passed.
"e2_valgrind_errada_03" end time: Sep 01 18:34 BRT
"e2_valgrind_errada_03" time elapsed: 00:00:00
----------------------------------------------------------

96/298 Testing: e2_valgrind_errada_04
96/298 Test: e2_valgrind_errada_04
Command: "/usr/bin/perl" "-I" "./tests/scripts" "./tests/scripts/tesh" "/home/lgkern/repos/MyLittleCompiler/tests/e2//valgrind_errada_04.tesh"
Directory: /home/lgkern/repos/MyLittleCompiler/build
"e2_valgrind_errada_04" start time: Sep 01 18:34 BRT
Output:
----------------------------------------------------------
Test suite `/home/lgkern/repos/MyLittleCompiler/tests/e2//valgrind_errada_04'
[/home/lgkern/repos/MyLittleCompiler/tests/e2//valgrind_errada_04:3] ./tests/scripts/valgrindtest ./main ./tests/e2/input/errada04.txt
(ignoring the output of </home/lgkern/repos/MyLittleCompiler/tests/e2//valgrind_errada_04.tesh:3> as requested)
Test suite `/home/lgkern/repos/MyLittleCompiler/tests/e2//valgrind_errada_04' OK
<end of output>
Test time =   0.91 sec
----------------------------------------------------------
Test Passed.
"e2_valgrind_errada_04" end time: Sep 01 18:34 BRT
"e2_valgrind_errada_04" time elapsed: 00:00:00
----------------------------------------------------------

97/298 Testing: e2_valgrind_errada_05
97/298 Test: e2_valgrind_errada_05
Command: "/usr/bin/perl" "-I" "./tests/scripts" "./tests/scripts/tesh" "/home/lgkern/repos/MyLittleCompiler/tests/e2//valgrind_errada_05.tesh"
Directory: /home/lgkern/repos/MyLittleCompiler/build
"e2_valgrind_errada_05" start time: Sep 01 18:34 BRT
Output:
----------------------------------------------------------
Test suite `/home/lgkern/repos/MyLittleCompiler/tests/e2//valgrind_errada_05'
[/home/lgkern/repos/MyLittleCompiler/tests/e2//valgrind_errada_05:3] ./tests/scripts/valgrindtest ./main ./tests/e2/input/errada05.txt
(ignoring the output of </home/lgkern/repos/MyLittleCompiler/tests/e2//valgrind_errada_05.tesh:3> as requested)
Test suite `/home/lgkern/repos/MyLittleCompiler/tests/e2//valgrind_errada_05' OK
<end of output>
Test time =   0.92 sec
----------------------------------------------------------
Test Passed.
"e2_valgrind_errada_05" end time: Sep 01 18:34 BRT
"e2_valgrind_errada_05" time elapsed: 00:00:00
----------------------------------------------------------

98/298 Testing: e2_valgrind_errada_06
98/298 Test: e2_valgrind_errada_06
Command: "/usr/bin/perl" "-I" "./tests/scripts" "./tests/scripts/tesh" "/home/lgkern/repos/MyLittleCompiler/tests/e2//valgrind_errada_06.tesh"
Directory: /home/lgkern/repos/MyLittleCompiler/build
"e2_valgrind_errada_06" start time: Sep 01 18:34 BRT
Output:
----------------------------------------------------------
Test suite `/home/lgkern/repos/MyLittleCompiler/tests/e2//valgrind_errada_06'
[/home/lgkern/repos/MyLittleCompiler/tests/e2//valgrind_errada_06:3] ./tests/scripts/valgrindtest ./main ./tests/e2/input/errada06.txt
(ignoring the output of </home/lgkern/repos/MyLittleCompiler/tests/e2//valgrind_errada_06.tesh:3> as requested)
Test suite `/home/lgkern/repos/MyLittleCompiler/tests/e2//valgrind_errada_06' OK
<end of output>
Test time =   0.92 sec
----------------------------------------------------------
Test Passed.
"e2_valgrind_errada_06" end time: Sep 01 18:34 BRT
"e2_valgrind_errada_06" time elapsed: 00:00:00
----------------------------------------------------------

99/298 Testing: e2_valgrind_errada_07
99/298 Test: e2_valgrind_errada_07
Command: "/usr/bin/perl" "-I" "./tests/scripts" "./tests/scripts/tesh" "/home/lgkern/repos/MyLittleCompiler/tests/e2//valgrind_errada_07.tesh"
Directory: /home/lgkern/repos/MyLittleCompiler/build
"e2_valgrind_errada_07" start time: Sep 01 18:34 BRT
Output:
----------------------------------------------------------
Test suite `/home/lgkern/repos/MyLittleCompiler/tests/e2//valgrind_errada_07'
[/home/lgkern/repos/MyLittleCompiler/tests/e2//valgrind_errada_07:3] ./tests/scripts/valgrindtest ./main ./tests/e2/input/errada07.txt
(ignoring the output of </home/lgkern/repos/MyLittleCompiler/tests/e2//valgrind_errada_07.tesh:3> as requested)
Test suite `/home/lgkern/repos/MyLittleCompiler/tests/e2//valgrind_errada_07' OK
<end of output>
Test time =   1.02 sec
----------------------------------------------------------
Test Passed.
"e2_valgrind_errada_07" end time: Sep 01 18:34 BRT
"e2_valgrind_errada_07" time elapsed: 00:00:01
----------------------------------------------------------

100/298 Testing: e2_valgrind_errada_08
100/298 Test: e2_valgrind_errada_08
Command: "/usr/bin/perl" "-I" "./tests/scripts" "./tests/scripts/tesh" "/home/lgkern/repos/MyLittleCompiler/tests/e2//valgrind_errada_08.tesh"
Directory: /home/lgkern/repos/MyLittleCompiler/build
"e2_valgrind_errada_08" start time: Sep 01 18:34 BRT
Output:
----------------------------------------------------------
Test suite `/home/lgkern/repos/MyLittleCompiler/tests/e2//valgrind_errada_08'
[/home/lgkern/repos/MyLittleCompiler/tests/e2//valgrind_errada_08:3] ./tests/scripts/valgrindtest ./main ./tests/e2/input/errada08.txt
(ignoring the output of </home/lgkern/repos/MyLittleCompiler/tests/e2//valgrind_errada_08.tesh:3> as requested)
Test suite `/home/lgkern/repos/MyLittleCompiler/tests/e2//valgrind_errada_08' OK
<end of output>
Test time =   0.94 sec
----------------------------------------------------------
Test Passed.
"e2_valgrind_errada_08" end time: Sep 01 18:34 BRT
"e2_valgrind_errada_08" time elapsed: 00:00:00
----------------------------------------------------------

101/298 Testing: e2_valgrind_errada_09
101/298 Test: e2_valgrind_errada_09
Command: "/usr/bin/perl" "-I" "./tests/scripts" "./tests/scripts/tesh" "/home/lgkern/repos/MyLittleCompiler/tests/e2//valgrind_errada_09.tesh"
Directory: /home/lgkern/repos/MyLittleCompiler/build
"e2_valgrind_errada_09" start time: Sep 01 18:34 BRT
Output:
----------------------------------------------------------
Test suite `/home/lgkern/repos/MyLittleCompiler/tests/e2//valgrind_errada_09'
[/home/lgkern/repos/MyLittleCompiler/tests/e2//valgrind_errada_09:3] ./tests/scripts/valgrindtest ./main ./tests/e2/input/errada09.txt
(ignoring the output of </home/lgkern/repos/MyLittleCompiler/tests/e2//valgrind_errada_09.tesh:3> as requested)
Test suite `/home/lgkern/repos/MyLittleCompiler/tests/e2//valgrind_errada_09' OK
<end of output>
Test time =   0.93 sec
----------------------------------------------------------
Test Passed.
"e2_valgrind_errada_09" end time: Sep 01 18:34 BRT
"e2_valgrind_errada_09" time elapsed: 00:00:00
----------------------------------------------------------

102/298 Testing: e2_valgrind_errada_10
102/298 Test: e2_valgrind_errada_10
Command: "/usr/bin/perl" "-I" "./tests/scripts" "./tests/scripts/tesh" "/home/lgkern/repos/MyLittleCompiler/tests/e2//valgrind_errada_10.tesh"
Directory: /home/lgkern/repos/MyLittleCompiler/build
"e2_valgrind_errada_10" start time: Sep 01 18:34 BRT
Output:
----------------------------------------------------------
Test suite `/home/lgkern/repos/MyLittleCompiler/tests/e2//valgrind_errada_10'
[/home/lgkern/repos/MyLittleCompiler/tests/e2//valgrind_errada_10:3] ./tests/scripts/valgrindtest ./main ./tests/e2/input/errada10.txt
(ignoring the output of </home/lgkern/repos/MyLittleCompiler/tests/e2//valgrind_errada_10.tesh:3> as requested)
Test suite `/home/lgkern/repos/MyLittleCompiler/tests/e2//valgrind_errada_10' OK
<end of output>
Test time =   1.00 sec
----------------------------------------------------------
Test Passed.
"e2_valgrind_errada_10" end time: Sep 01 18:34 BRT
"e2_valgrind_errada_10" time elapsed: 00:00:00
----------------------------------------------------------

103/298 Testing: e2_valgrind_errada_11
103/298 Test: e2_valgrind_errada_11
Command: "/usr/bin/perl" "-I" "./tests/scripts" "./tests/scripts/tesh" "/home/lgkern/repos/MyLittleCompiler/tests/e2//valgrind_errada_11.tesh"
Directory: /home/lgkern/repos/MyLittleCompiler/build
"e2_valgrind_errada_11" start time: Sep 01 18:34 BRT
Output:
----------------------------------------------------------
Test suite `/home/lgkern/repos/MyLittleCompiler/tests/e2//valgrind_errada_11'
[/home/lgkern/repos/MyLittleCompiler/tests/e2//valgrind_errada_11:3] ./tests/scripts/valgrindtest ./main ./tests/e2/input/errada11.txt
(ignoring the output of </home/lgkern/repos/MyLittleCompiler/tests/e2//valgrind_errada_11.tesh:3> as requested)
Test suite `/home/lgkern/repos/MyLittleCompiler/tests/e2//valgrind_errada_11' OK
<end of output>
Test time =   0.94 sec
----------------------------------------------------------
Test Passed.
"e2_valgrind_errada_11" end time: Sep 01 18:34 BRT
"e2_valgrind_errada_11" time elapsed: 00:00:00
----------------------------------------------------------

104/298 Testing: e2_valgrind_errada_12
104/298 Test: e2_valgrind_errada_12
Command: "/usr/bin/perl" "-I" "./tests/scripts" "./tests/scripts/tesh" "/home/lgkern/repos/MyLittleCompiler/tests/e2//valgrind_errada_12.tesh"
Directory: /home/lgkern/repos/MyLittleCompiler/build
"e2_valgrind_errada_12" start time: Sep 01 18:34 BRT
Output:
----------------------------------------------------------
Test suite `/home/lgkern/repos/MyLittleCompiler/tests/e2//valgrind_errada_12'
[/home/lgkern/repos/MyLittleCompiler/tests/e2//valgrind_errada_12:3] ./tests/scripts/valgrindtest ./main ./tests/e2/input/errada12.txt
(ignoring the output of </home/lgkern/repos/MyLittleCompiler/tests/e2//valgrind_errada_12.tesh:3> as requested)
Test suite `/home/lgkern/repos/MyLittleCompiler/tests/e2//valgrind_errada_12' OK
<end of output>
Test time =   0.95 sec
----------------------------------------------------------
Test Passed.
"e2_valgrind_errada_12" end time: Sep 01 18:34 BRT
"e2_valgrind_errada_12" time elapsed: 00:00:00
----------------------------------------------------------

105/298 Testing: e2_valgrind_errada_13
105/298 Test: e2_valgrind_errada_13
Command: "/usr/bin/perl" "-I" "./tests/scripts" "./tests/scripts/tesh" "/home/lgkern/repos/MyLittleCompiler/tests/e2//valgrind_errada_13.tesh"
Directory: /home/lgkern/repos/MyLittleCompiler/build
"e2_valgrind_errada_13" start time: Sep 01 18:34 BRT
Output:
----------------------------------------------------------
Test suite `/home/lgkern/repos/MyLittleCompiler/tests/e2//valgrind_errada_13'
[/home/lgkern/repos/MyLittleCompiler/tests/e2//valgrind_errada_13:3] ./tests/scripts/valgrindtest ./main ./tests/e2/input/errada13.txt
(ignoring the output of </home/lgkern/repos/MyLittleCompiler/tests/e2//valgrind_errada_13.tesh:3> as requested)
Test suite `/home/lgkern/repos/MyLittleCompiler/tests/e2//valgrind_errada_13' OK
<end of output>
Test time =   0.94 sec
----------------------------------------------------------
Test Passed.
"e2_valgrind_errada_13" end time: Sep 01 18:34 BRT
"e2_valgrind_errada_13" time elapsed: 00:00:00
----------------------------------------------------------

106/298 Testing: e2_valgrind_errada_14
106/298 Test: e2_valgrind_errada_14
Command: "/usr/bin/perl" "-I" "./tests/scripts" "./tests/scripts/tesh" "/home/lgkern/repos/MyLittleCompiler/tests/e2//valgrind_errada_14.tesh"
Directory: /home/lgkern/repos/MyLittleCompiler/build
"e2_valgrind_errada_14" start time: Sep 01 18:34 BRT
Output:
----------------------------------------------------------
Test suite `/home/lgkern/repos/MyLittleCompiler/tests/e2//valgrind_errada_14'
[/home/lgkern/repos/MyLittleCompiler/tests/e2//valgrind_errada_14:3] ./tests/scripts/valgrindtest ./main ./tests/e2/input/errada14.txt
(ignoring the output of </home/lgkern/repos/MyLittleCompiler/tests/e2//valgrind_errada_14.tesh:3> as requested)
Test suite `/home/lgkern/repos/MyLittleCompiler/tests/e2//valgrind_errada_14' OK
<end of output>
Test time =   0.92 sec
----------------------------------------------------------
Test Passed.
"e2_valgrind_errada_14" end time: Sep 01 18:34 BRT
"e2_valgrind_errada_14" time elapsed: 00:00:00
----------------------------------------------------------

107/298 Testing: e2_valgrind_errada_15
107/298 Test: e2_valgrind_errada_15
Command: "/usr/bin/perl" "-I" "./tests/scripts" "./tests/scripts/tesh" "/home/lgkern/repos/MyLittleCompiler/tests/e2//valgrind_errada_15.tesh"
Directory: /home/lgkern/repos/MyLittleCompiler/build
"e2_valgrind_errada_15" start time: Sep 01 18:34 BRT
Output:
----------------------------------------------------------
Test suite `/home/lgkern/repos/MyLittleCompiler/tests/e2//valgrind_errada_15'
[/home/lgkern/repos/MyLittleCompiler/tests/e2//valgrind_errada_15:3] ./tests/scripts/valgrindtest ./main ./tests/e2/input/errada15.txt
(ignoring the output of </home/lgkern/repos/MyLittleCompiler/tests/e2//valgrind_errada_15.tesh:3> as requested)
Test suite `/home/lgkern/repos/MyLittleCompiler/tests/e2//valgrind_errada_15' OK
<end of output>
Test time =   0.92 sec
----------------------------------------------------------
Test Passed.
"e2_valgrind_errada_15" end time: Sep 01 18:34 BRT
"e2_valgrind_errada_15" time elapsed: 00:00:00
----------------------------------------------------------

108/298 Testing: e2_valgrind_errada_16
108/298 Test: e2_valgrind_errada_16
Command: "/usr/bin/perl" "-I" "./tests/scripts" "./tests/scripts/tesh" "/home/lgkern/repos/MyLittleCompiler/tests/e2//valgrind_errada_16.tesh"
Directory: /home/lgkern/repos/MyLittleCompiler/build
"e2_valgrind_errada_16" start time: Sep 01 18:34 BRT
Output:
----------------------------------------------------------
Test suite `/home/lgkern/repos/MyLittleCompiler/tests/e2//valgrind_errada_16'
[/home/lgkern/repos/MyLittleCompiler/tests/e2//valgrind_errada_16:3] ./tests/scripts/valgrindtest ./main ./tests/e2/input/errada16.txt
(ignoring the output of </home/lgkern/repos/MyLittleCompiler/tests/e2//valgrind_errada_16.tesh:3> as requested)
Test suite `/home/lgkern/repos/MyLittleCompiler/tests/e2//valgrind_errada_16' OK
<end of output>
Test time =   0.93 sec
----------------------------------------------------------
Test Passed.
"e2_valgrind_errada_16" end time: Sep 01 18:34 BRT
"e2_valgrind_errada_16" time elapsed: 00:00:00
----------------------------------------------------------

109/298 Testing: e2_valgrind_errada_17
109/298 Test: e2_valgrind_errada_17
Command: "/usr/bin/perl" "-I" "./tests/scripts" "./tests/scripts/tesh" "/home/lgkern/repos/MyLittleCompiler/tests/e2//valgrind_errada_17.tesh"
Directory: /home/lgkern/repos/MyLittleCompiler/build
"e2_valgrind_errada_17" start time: Sep 01 18:34 BRT
Output:
----------------------------------------------------------
Test suite `/home/lgkern/repos/MyLittleCompiler/tests/e2//valgrind_errada_17'
[/home/lgkern/repos/MyLittleCompiler/tests/e2//valgrind_errada_17:3] ./tests/scripts/valgrindtest ./main ./tests/e2/input/errada17.txt
(ignoring the output of </home/lgkern/repos/MyLittleCompiler/tests/e2//valgrind_errada_17.tesh:3> as requested)
Test suite `/home/lgkern/repos/MyLittleCompiler/tests/e2//valgrind_errada_17' OK
<end of output>
Test time =   0.99 sec
----------------------------------------------------------
Test Passed.
"e2_valgrind_errada_17" end time: Sep 01 18:34 BRT
"e2_valgrind_errada_17" time elapsed: 00:00:00
----------------------------------------------------------

110/298 Testing: e2_valgrind_errada_18
110/298 Test: e2_valgrind_errada_18
Command: "/usr/bin/perl" "-I" "./tests/scripts" "./tests/scripts/tesh" "/home/lgkern/repos/MyLittleCompiler/tests/e2//valgrind_errada_18.tesh"
Directory: /home/lgkern/repos/MyLittleCompiler/build
"e2_valgrind_errada_18" start time: Sep 01 18:34 BRT
Output:
----------------------------------------------------------
Test suite `/home/lgkern/repos/MyLittleCompiler/tests/e2//valgrind_errada_18'
[/home/lgkern/repos/MyLittleCompiler/tests/e2//valgrind_errada_18:3] ./tests/scripts/valgrindtest ./main ./tests/e2/input/errada18.txt
(ignoring the output of </home/lgkern/repos/MyLittleCompiler/tests/e2//valgrind_errada_18.tesh:3> as requested)
Test suite `/home/lgkern/repos/MyLittleCompiler/tests/e2//valgrind_errada_18' OK
<end of output>
Test time =   0.93 sec
----------------------------------------------------------
Test Passed.
"e2_valgrind_errada_18" end time: Sep 01 18:34 BRT
"e2_valgrind_errada_18" time elapsed: 00:00:00
----------------------------------------------------------

111/298 Testing: e2_valgrind_errada_19
111/298 Test: e2_valgrind_errada_19
Command: "/usr/bin/perl" "-I" "./tests/scripts" "./tests/scripts/tesh" "/home/lgkern/repos/MyLittleCompiler/tests/e2//valgrind_errada_19.tesh"
Directory: /home/lgkern/repos/MyLittleCompiler/build
"e2_valgrind_errada_19" start time: Sep 01 18:34 BRT
Output:
----------------------------------------------------------
Test suite `/home/lgkern/repos/MyLittleCompiler/tests/e2//valgrind_errada_19'
[/home/lgkern/repos/MyLittleCompiler/tests/e2//valgrind_errada_19:3] ./tests/scripts/valgrindtest ./main ./tests/e2/input/errada19.txt
(ignoring the output of </home/lgkern/repos/MyLittleCompiler/tests/e2//valgrind_errada_19.tesh:3> as requested)
Test suite `/home/lgkern/repos/MyLittleCompiler/tests/e2//valgrind_errada_19' OK
<end of output>
Test time =   0.94 sec
----------------------------------------------------------
Test Passed.
"e2_valgrind_errada_19" end time: Sep 01 18:34 BRT
"e2_valgrind_errada_19" time elapsed: 00:00:00
----------------------------------------------------------

112/298 Testing: e2_valgrind_errada_20
112/298 Test: e2_valgrind_errada_20
Command: "/usr/bin/perl" "-I" "./tests/scripts" "./tests/scripts/tesh" "/home/lgkern/repos/MyLittleCompiler/tests/e2//valgrind_errada_20.tesh"
Directory: /home/lgkern/repos/MyLittleCompiler/build
"e2_valgrind_errada_20" start time: Sep 01 18:34 BRT
Output:
----------------------------------------------------------
Test suite `/home/lgkern/repos/MyLittleCompiler/tests/e2//valgrind_errada_20'
[/home/lgkern/repos/MyLittleCompiler/tests/e2//valgrind_errada_20:3] ./tests/scripts/valgrindtest ./main ./tests/e2/input/errada20.txt
(ignoring the output of </home/lgkern/repos/MyLittleCompiler/tests/e2//valgrind_errada_20.tesh:3> as requested)
Test suite `/home/lgkern/repos/MyLittleCompiler/tests/e2//valgrind_errada_20' OK
<end of output>
Test time =   0.94 sec
----------------------------------------------------------
Test Passed.
"e2_valgrind_errada_20" end time: Sep 01 18:34 BRT
"e2_valgrind_errada_20" time elapsed: 00:00:00
----------------------------------------------------------

End testing: Sep 01 18:34 BRT
